mode: set
/Users/jiangtao/Desktop/test_codecov/test-codecov/math.go:3.28,5.2 1 1
/Users/jiangtao/Desktop/test_codecov/test-codecov/math.go:7.24,9.2 1 1
/Users/jiangtao/Desktop/test_codecov/test-codecov/math.go:11.24,13.2 1 1
/Users/jiangtao/Desktop/test_codecov/test-codecov/math.go:15.24,17.2 1 1
/Users/jiangtao/Desktop/test_codecov/test-codecov/print.go:16.48,26.29 5 1
/Users/jiangtao/Desktop/test_codecov/test-codecov/print.go:26.29,28.3 1 1
/Users/jiangtao/Desktop/test_codecov/test-codecov/print.go:31.2,32.37 2 1
/Users/jiangtao/Desktop/test_codecov/test-codecov/print.go:32.37,34.3 1 1
/Users/jiangtao/Desktop/test_codecov/test-codecov/print.go:37.2,37.46 1 1
/Users/jiangtao/Desktop/test_codecov/test-codecov/print.go:37.46,39.3 1 1
/Users/jiangtao/Desktop/test_codecov/test-codecov/print.go:41.2,41.20 1 1
